         w __deregister_frame_info
         w __register_frame_info
         w userAppExit
         w userAppInit
00000000 00000802 B __ctru_dev_utf16_buf
00000000 a shift
00000000 a shift
00000000 A __sync_synchronize
00000000 b _TLS_MODULE_BASE_
00000804 00000401 B __ctru_dev_path_buf
00100000 A __start__
00100000 T _start
00100008 T __service_ptr
0010000c T __apt_appid
00100010 T __heap_size
00100014 T __linear_heap_size
00100018 T __system_arglist
0010001c T __system_runflags
00100020 t startup
00100058 t ClearMem
0010006c t ClrLoop
00100094 T _init
001000ac T __aeabi_uidiv
001000ac 000001ec T __udivsi3
001000ac t .udivsi3_skip_div0_test
00100298 00000020 T __aeabi_uidivmod
001002b8 T __aeabi_idiv
001002b8 00000220 T __divsi3
001002c0 t .divsi3_skip_div0_test
001004d8 00000020 T __aeabi_idivmod
001004f8 00000004 W __aeabi_idiv0
001004f8 00000004 W __aeabi_ldiv0
001004fc T __aeabi_ldivmod
001005e8 00000390 T strcmp
00100970 t __do_global_dtors_aux
001009b0 t frame_dummy
001009dc 00000068 T newEmptyGrid
00100a44 00000080 T fillGridRandom
00100ac4 0000001c T destroyGrid
00100ae0 00000014 T killCell
00100af4 00000014 T newCell
00100b08 0000000c T isAlive
00100b14 000002b0 T checkNeighbours
00100dc4 00000034 T updateCell
00100df8 0000005c T getCoords
00100e54 0000004c T getIndex
00100ea0 000000d8 T drawGrid
00100f78 00000028 t C2D_SceneBegin
00100fa0 00000078 T mainMenuInit
00101018 00000080 T gameTextInit
00101098 00000040 T getTitle
001010d8 00000274 T drawMenu
0010134c 00000048 T draw
00101394 00000068 T updateGrid
00101400 00000c94 T main
00102094 00000044 t C2Di_FrameEndHook
001020d8 0000036c T C2D_Init
00102444 0000004c T C2D_Fini
00102490 000000b8 T C2D_Prepare
00102548 00000048 T C2D_Flush
00102590 00000104 T C2D_SceneSize
00102694 00000058 T C2D_CreateScreenTarget
001026ec 00000064 T C2D_TargetClear
00102750 00000058 T C2Di_AppendQuad
001027a8 00000040 T C2Di_AppendVtx
001027e8 00000550 T C2Di_Update
00102d38 00000158 T C2D_DrawRectangle
00102e90 00000018 t C2Di_GlyphComp
00102ea8 00000140 t C2Di_CalcLineWidths
00102fe8 000001dc T C2D_TextBufNew
001031c4 00000004 T C2D_TextBufDelete
001031c8 000001c8 T C2D_TextFontParseLine
00103390 000000a8 T C2D_TextFontParse
00103438 00000014 T C2D_TextParse
0010344c 00000030 T C2D_TextOptimize
0010347c 000000c0 T C2D_TextGetDimensions
0010353c 00000f6c T C2D_DrawText
001044a8 00000044 T C2D_FontGlyphIndexFromCodePoint
001044ec 00000078 T C2D_FontCalcGlyphPos
00104564 00000028 T AttrInfo_Init
0010458c 00000094 T AttrInfo_AddLoader
00104620 00000054 T C3D_SetAttrInfo
00104674 00000080 T C3Di_AttrInfoBind
001046f4 00000004 W C3Di_LightEnvUpdate
001046f8 00000004 W C3Di_LightEnvDirty
001046fc 000000b4 t C3Di_AptEventHook
001047b0 00000004 W C3Di_GasUpdate
001047b4 000001d0 T C3D_Init
00104984 00000098 T C3D_SetViewport
00104a1c 000004e8 T C3Di_UpdateContext
00104f04 000000e0 T C3Di_SplitFrame
00104fe4 00000044 T C3D_Fini
00105028 00000194 T C3D_BindProgram
001051bc 00000024 T BufInfo_Init
001051e0 00000080 T BufInfo_Add
00105260 0000003c T C3D_SetBufInfo
0010529c 00000048 T C3Di_BufInfoBind
001052e4 0000021c T C3D_DrawElements
00105500 00000040 T C3D_DepthMap
00105540 0000001c T C3D_CullFace
0010555c 00000040 T C3D_StencilTest
0010559c 00000024 T C3D_StencilOp
001055c0 0000001c T C3D_BlendingColor
001055dc 00000024 T C3D_EarlyDepthTest
00105600 0000002c T C3D_DepthTest
0010562c 0000002c T C3D_AlphaTest
00105658 00000050 T C3D_AlphaBlend
001056a8 00000030 T C3D_FragOpMode
001056d8 00000044 T C3D_FragOpShadow
0010571c 000001ac T C3Di_EffectBind
001058c8 0000001c T C3D_CalcColorBufSize
001058e4 0000001c T C3D_CalcDepthBufSize
00105900 00000044 T C3D_SetFrameBuf
00105944 0000016c T C3Di_FrameBufBind
00105ab0 000000c8 T C3D_FrameBufClear
00105b78 00000044 T C3D_FrameBufTransfer
00105bbc 000000a8 T C3D_ImmSendAttrib
00105c64 00000070 T C3D_ProcTexInit
00105cd4 00000054 T C3D_ProcTexBind
00105d28 0000005c T C3D_ProcTexLutBind
00105d84 000000a4 T ProcTexLut_FromArray
00105e28 00000178 T C3Di_ProcTexUpdate
00105fa0 00000068 T C3Di_ProcTexDirty
00106008 0000004c t onVBlank0
00106054 0000004c t onVBlank1
001060a0 00000080 t C3Di_RenderTargetDestroy
00106120 000000f4 t onQueueFinish
00106214 00000038 T C3Di_RenderQueueEnableVBlank
0010624c 00000030 T C3Di_RenderQueueDisableVBlank
0010627c 00000060 T C3Di_RenderQueueInit
001062dc 000000b4 T C3Di_RenderQueueExit
00106390 00000034 T C3Di_RenderQueueWaitDone
001063c4 000000e8 T C3D_FrameBegin
001064ac 00000048 T C3D_FrameDrawOn
001064f4 00000058 T C3D_FrameSplit
0010654c 000001d0 T C3D_FrameEnd
0010671c 0000001c T C3D_FrameEndHook
00106738 00000170 T C3D_RenderTargetCreate
001068a8 000000a8 T C3D_RenderTargetSetOutput
00106950 00000034 T C3D_GetTexEnv
00106984 00000024 T C3Di_TexEnvBind
001069a8 00000044 T C3D_TexBind
001069ec 0000014c T C3Di_SetTex
00106b38 00000290 T C3D_UpdateUniforms
00106dc8 000000c0 T C3Di_DirtyUniforms
00106e88 000000d8 T C3Di_LoadShaderUniforms
00106f60 00000028 T C3Di_ClearShaderUniforms
00106f88 000000cc T Mtx_Ortho
00107054 000000cc T Mtx_OrthoTilt
00107120 00000024 t addrMapNodeComparator(rbtree_node const*, rbtree_node const*)
00107144 00000004 t addrMapNodeDestructor(rbtree_node*)
00107148 00000120 T linearMemAlign
00107268 00000008 T linearAlloc
00107270 0000005c T linearFree
001072cc 00000080 T MemPool::CoalesceRight(MemBlock*)
0010734c 0000016c T MemPool::Allocate(MemChunk&, unsigned long, int)
001074b8 000000fc T MemPool::Deallocate(MemChunk const&)
001075b4 00000030 T MemPool::GetFreeSpace()
001075e4 00000024 t addrMapNodeComparator(rbtree_node const*, rbtree_node const*)
00107608 00000004 t addrMapNodeDestructor(rbtree_node*)
0010760c 0000024c T vramMemAlignAt
00107858 0000000c T vramAlloc
00107864 0000000c T vramAllocAt
00107870 00000090 T vramFree
00107900 00000094 T fontEnsureMapped
00107994 00000100 T fontGlyphIndexFromCodePoint
00107a94 000001ec T fontCalcGlyphPos
00107c80 000000d0 t gfxPresentFramebuffer
00107d50 0000001c T gfxIsWide
00107d6c 000000ec T gfxSetScreenFormat
00107e58 000000e0 T gfxInit
00107f38 00000010 T gfxInitDefault
00107f48 000000b4 T gfxExit
00107ffc 000000a0 T gfxGetFramebuffer
0010809c 00000030 T gfxScreenSwapBuffers
001080cc 00000074 T osConvertVirtToPhys
00108140 00000054 T osGetTimeRef
00108194 000000ec T osGetTime
00108280 00000034 T __ctru_speedup_config
001082b4 00000008 t romfs_close
001082bc 000000c4 t romfs_seek
00108380 00000024 t romfs_dirreset
001083a4 000000c8 t fill_dir
0010846c 000002a8 t romfs_dirnext
00108714 00000084 t romfs_free
00108798 000000d4 t searchForFile.constprop.0
0010886c 000000d8 t searchForDir.constprop.0
00108944 000001c0 t navigateToDir.constprop.0
00108b04 0000010c t romfs_open
00108c10 0000004c t romfs_chdir
00108c5c 00000070 t romfs_diropen
00108ccc 00000174 t romfs_stat
00108e40 00000008 t romfs_dirclose
00108e48 00000084 t romfs_fstat
00108ecc 000000d0 t romfs_read
00108f9c 0000028c T romfsMountFromFile
00109228 00000098 T romfsMountFromCurrentProcess
001092c0 00000260 T romfsMountSelf
00109520 000000a0 T romfsUnmount
001095c0 0000013c T GPUCMD_Add
001096fc 000000b0 T GPUCMD_Split
001097ac 00000034 T f32tof16
001097e0 00000034 T f32tof24
00109814 00000038 T f32tof31
0010984c 00000010 T GX_BindQueue
0010985c 00000078 T GX_ProcessCommandList
001098d4 00000074 T GX_MemoryFill
00109948 00000070 T GX_DisplayTransfer
001099b8 00000068 t gxCmdQueueDoCommands.part.0
00109a20 000000c8 T gxCmdQueueInterrupt
00109ae8 0000004c T gxCmdQueueClear
00109b34 000000f8 T gxCmdQueueAdd
00109c2c 00000080 T gxCmdQueueRun
00109cac 00000060 T gxCmdQueueStop
00109d0c 0000008c T gxCmdQueueWait
00109d98 000001d0 T shaderInstanceInit
00109f68 00000018 T shaderInstanceGetUniformLocation
00109f80 0000001c T shaderProgramInit
00109f9c 00000064 T shaderProgramFree
0010a000 00000080 T shaderProgramSetVsh
0010a080 000008e0 T shaderProgramConfigure
0010a960 000001cc t DVLE_GenerateOutmap.part.0
0010ab2c 000001b4 T DVLB_ParseFile
0010ace0 00000038 T DVLB_Free
0010ad18 00000074 T DVLE_GetUniformRegister
0010ad8c 000001ac t aptConvertScreenForCapture
0010af38 00000008 W aptDspSleep
0010af40 00000004 W aptDspWakeup
0010af44 00000004 W aptDspCancel
0010af48 00000158 T aptSendCommand
0010b0a0 00000044 t aptExitProcess
0010b0e4 0000038c T aptExit
0010b470 000000e0 T aptHandleSleep
0010b550 00000030 T aptHook
0010b580 00000030 T aptUnhook
0010b5b0 00000084 T APT_SleepIfShellClosed
0010b634 00000084 T aptSetSleepAllowed
0010b6b8 00000084 T APT_UnlockTransition
0010b740 000004a4 t aptEventHandler
0010bbe4 000000b0 T APT_ReceiveParameter
0010bc94 000000ac t aptReceiveParameter.constprop.0
0010bd40 000002ac t aptScreenTransfer
0010bfec 00000320 t aptWaitForWakeUp.isra.0
0010c30c 000000f8 T aptJumpToHomeMenu
0010c404 00000048 T aptMainLoop
0010c44c 0000022c T aptInit
0010c678 0000007c T APT_CheckNew3DS
0010c6f4 00000048 T APT_GetSharedFont
0010c73c 000000cc T fsInit
0010c808 0000003c T fsExit
0010c844 00000060 T fsExemptFromSession
0010c8a4 00000050 T fsUnexemptFromSession
0010c8f4 000000cc T FSUSER_OpenFile
0010c9c0 000000d4 T FSUSER_OpenFileDirectly
0010ca94 000000bc T FSUSER_DeleteFile
0010cb50 000000f8 T FSUSER_RenameFile
0010cc48 000000bc T FSUSER_DeleteDirectory
0010cd04 000000d4 T FSUSER_CreateFile
0010cdd8 000000c4 T FSUSER_CreateDirectory
0010ce9c 000000f8 T FSUSER_RenameDirectory
0010cf94 000000b4 T FSUSER_OpenDirectory
0010d048 00000094 T FSUSER_OpenArchive
0010d0dc 0000008c T FSUSER_CloseArchive
0010d168 00000074 T FSUSER_GetSdmcArchiveResource
0010d1dc 00000064 T FSUSER_IsSdmcWritable
0010d240 00000058 T FSFILE_Read
0010d298 00000060 T FSFILE_Write
0010d2f8 00000038 T FSFILE_GetSize
0010d330 00000028 T FSFILE_SetSize
0010d358 0000003c T FSFILE_Close
0010d394 00000024 T FSFILE_Flush
0010d3b8 00000050 T FSDIR_Read
0010d408 0000003c T FSDIR_Close
0010d444 00000c64 t gspHardwareInit
0010e0a8 00000248 T gspInit
0010e2f0 000000f0 T gspExit
0010e3e0 00000010 T gspHasGpuRight
0010e3f0 000000a0 T gspPresentBuffer
0010e490 00000030 T gspSetEventCallback
0010e4c0 00000044 T gspWaitForEvent
0010e504 0000004c T gspWaitForAnyEvent
0010e550 00000158 t gspEventThreadMain
0010e6a8 00000130 T gspSubmitGxCommand
0010e7d8 00000050 T GSPGPU_FlushDataCache
0010e828 00000034 T GSPGPU_SetLcdForceBlack
0010e85c 00000068 T GSPGPU_AcquireRight
0010e8c4 00000048 T GSPGPU_ReleaseRight
0010e90c 0000007c T GSPGPU_ImportDisplayCaptureInfo
0010e988 0000002c T GSPGPU_SaveVramSysArea
0010e9b4 0000002c T GSPGPU_RestoreVramSysArea
0010e9e0 00000024 W hidShouldUseIrrst
0010ea04 0000018c T hidInit
0010eb90 000000e8 T hidExit
0010ec78 000002a4 T hidScanInput
0010ef1c 00000010 T hidKeysHeld
0010ef2c 00000010 T hidKeysDown
0010ef3c 00000010 T hidKeysUp
0010ef4c 00000018 T hidTouchRead
0010ef64 00000160 T irrstInit
0010f0c4 000000cc T irrstExit
0010f190 000000b4 T irrstScanInput
0010f244 00000024 T irrstKeysHeld
0010f268 00000074 T ptmSysmInit
0010f2dc 0000003c T ptmSysmExit
0010f318 00000034 T PTMSYSM_ConfigureNew3DSCPU
0010f34c 00000074 T rbtree_find
0010f3c0 00000010 T rbtree_init
0010f3d0 000001b0 t do_insert
0010f580 00000008 T rbtree_insert
0010f588 00000318 T rbtree_remove
0010f8a0 00000090 T rbtree_rotate
0010f930 0000013c T decode_utf8
0010fa6c 000000e8 T utf16_to_utf8
0010fb54 000000c0 T utf8_to_utf16
0010fc18 000001e0 W __system_allocateHeaps
0010fdf8 00000038 W __libctru_init
0010fe30 00000170 W __system_initArgv
0010ffa0 00000030 T __syscall_getreent
0010ffd0 00000064 T __syscall_gettod_r
00110034 00000004 T __syscall_lock_acquire
00110038 00000004 T __syscall_lock_release
0011003c 00000004 T __syscall_lock_acquire_recursive
00110040 00000004 T __syscall_lock_release_recursive
00110044 00000004 T __syscall_exit
00110048 00000050 T initThreadVars
00110098 00000080 T __system_initSyscalls
00110118 T svcControlMemory
00110138 T svcQueryMemory
00110168 T svcExitProcess
00110170 T svcCreateThread
00110190 T svcExitThread
00110198 T svcSleepThread
001101a0 T svcReleaseMutex
001101a8 T svcCreateEvent
001101bc T svcSignalEvent
001101c4 T svcClearEvent
001101cc T svcMapMemoryBlock
001101d4 T svcUnmapMemoryBlock
001101dc T svcCreateAddressArbiter
001101f0 T svcArbitrateAddressNoTimeout
001101f8 T svcCloseHandle
00110200 T svcWaitSynchronization
00110208 T svcWaitSynchronizationN
00110230 T svcDuplicateHandle
00110244 T svcGetSystemTick
0011024c T svcConnectToPort
00110260 T svcSendSyncRequest
00110268 T svcGetResourceLimit
0011027c T svcGetResourceLimitLimitValues
00110284 T svcGetResourceLimitCurrentValues
0011028c T svcBreak
00110294 T __aeabi_read_tp
001102a0 W initSystem
001102f0 W __ctru_exit
00110304 00000084 W envGetHandle
00110388 00000050 W envDestroyHandles
001103d8 0000012c T srvInit
00110504 00000058 T srvExit
0011055c 00000060 T srvEnableNotification
001105bc 000000a0 T srvGetServiceHandleDirect
0011065c 00000038 T srvGetServiceHandle
00110694 00000034 T srvSubscribe
001106c8 00000060 T srvReceiveNotification
00110728 00000038 T srvPublishToSubscriber
00110760 0000000c T __sync_init
0011076c 00000018 T __sync_fini
00110784 0000002c T syncArbitrateAddress
001107b0 000000ac T LightLock_Lock
0011085c 00000040 T LightLock_Unlock
0011089c 00000030 T RecursiveLock_Lock
001108cc 00000054 T RecursiveLock_Unlock
00110920 00000040 T LightEvent_Init
00110960 000000a4 T LightEvent_Clear
00110a04 000000c8 T LightEvent_Signal
00110acc 00000050 T LightEvent_TryWait
00110b1c 000000a0 T LightEvent_Wait
00110bbc 000001d8 T threadCreate
00110d94 0000002c T threadFree
00110dc0 00000024 T threadJoin
00110de4 00000030 T threadGetCurrent
00110e14 00000040 T threadExit
00110e54 00000020 t _thread_begin
00110e74 000000b4 t mappableFindAddressWithin
00110f28 00000028 T mappableInit
00110f50 00000080 T mappableAlloc
00110fd0 00000004 T mappableFree
00110fd4 0000000c T srvPmGetSessionHandle
00110fe0 0000005c T rbtree_node_next
0011103c 00000064 T decode_utf16
001110a0 00000054 T encode_utf16
001110f4 000000e0 T encode_utf8
001111d4 00000030 W __appExit
00111204 00000030 W __appInit
00111234 00000090 W __libctru_exit
001112c4 00000014 t archive_link
001112d8 00000014 t archive_dirreset
001112ec 00000014 t archive_chmod
00111300 00000024 t error_cmp
00111324 00000050 t archive_translate_error
00111374 000000c8 t archive_seek
0011143c 0000007c t _archiveInit.part.0
001114b8 000000c4 t archiveFindDevice.part.0
0011157c 00000280 t archive_utf16path
001117fc 0000009c t _archiveUnmountDeviceStruct.part.0
00111898 00000014 t archive_fchmod
001118ac 00000014 t archive_statvfs
001118c0 00000164 t _archiveMountDevice
00111a24 000000e8 t archive_diropen
00111b0c 000000a4 t archive_fstat
00111bb0 0000006c t archive_fsync
00111c1c 0000006c t archive_close
00111c88 00000070 t archive_dirclose
00111cf8 000000e8 t sdmc_statvfs
00111de0 000000ec t archive_chdir
00111ecc 0000007c t archive_ftruncate
00111f48 000000ac t archive_read
00111ff4 000000a4 t archive_unlink
00112098 000000bc t archive_rmdir
00112154 000000dc t archive_mkdir
00112230 00000194 t archive_stat
001123c4 00000160 t archive_dirnext
00112524 00000124 t archive_write
00112648 0000020c t archive_open
00112854 00000278 t archive_rename
00112acc 0000019c T archiveMountSdmc
00112c68 00000054 T archiveUnmountAll
00112cc0 000000b0 T sin
00112d70 00000310 T __ieee754_rem_pio2
00113080 000008a0 T __kernel_rem_pio2
00113920 00000140 T scalbn
00113a60 000000c0 T __kernel_sin
00113b20 000000a8 T cos
00113bc8 000000c0 T ceilf
00113c88 00000144 T floor
00113dd0 00000158 T __kernel_cos
00113f28 00000014 T fabs
00113f3c 00000120 T __udivmoddi4
0011405c 000000d8 T strncmp
00114134 00000130 T strchr
00114264 0000001c T srand
00114280 00000044 T rand
001142c4 0000005c T strlen
00114320 000000d4 T memcmp
001143f4 000001e4 t _strtoul_l.isra.0
001145d8 00000034 T strtoul
0011460c 000000e4 T strncat
001146f0 00000078 T bsearch
00114768 00000344 T _fread_r
00114aac 00000038 T fread
00114ae4 00000020 T calloc
00114b04 0000096c T qsort
00115470 00000038 t lflush
001154a8 0000019c T __srefill_r
00115644 00000148 T _fclose_r
0011578c 00000018 T fclose
001157a4 000000c0 T _calloc_r
00115864 00000144 T __smakebuf_r
001159a8 00000020 T memalign
001159c8 0000001c t stdio_exit_handler
001159e4 0000005c t cleanup_stdio
00115a40 00000154 t global_stdio_init.part.0
00115b94 00000134 T __sfp
00115cc8 0000005c T __sinit
00115d24 0000000c T __sfp_lock_acquire
00115d30 0000000c T __sfp_lock_release
00115d3c 000007e8 T _malloc_r
00116524 000000f8 T _malloc_trim_r
0011661c 00000300 T _free_r
0011691c 0000004c T strnlen
00116968 0000000c T __errno
00116974 00000034 T malloc
001169a8 00000018 T free
001169c0 00000130 T memcpy
00116af0 00000134 T _fopen_r
00116c24 00000020 T fopen
00116c44 0000004c T time
00116c90 000000e8 T memset
00116d78 00000070 T _fwalk_sglue
00116de8 0000000c T __malloc_lock
00116df4 0000000c T __malloc_unlock
00116e00 00000004 W __call_exitprocs
00116e04 00000030 T exit
00116e34 0000001c T _fseek_r
00116e50 000000c4 T strncpy
00116f14 000000b4 T __sflags
00116fc8 00000084 T __libc_init_array
0011704c 00000228 T __sflush_r
00117274 00000094 T _fflush_r
00117308 00000150 T _memalign_r
00117458 0000003c T __libc_fini_array
00117494 0000058c T _fseeko_r
00117a20 00000044 T __sread
00117a64 00000068 T __swrite
00117acc 00000040 T __sseek
00117b0c 00000008 T __sclose
00117b14 00000020 T _exit
00117b34 0000013c T chdir
00117c70 000001cc T _concatenate_path
00117e3c 00000088 T _fstat_r
00117ec4 0000002c T __getreent
00117ef0 00000030 T _gettimeofday_r
00117f20 0000008c T __release_handle
00117fac 000000b0 T __alloc_handle
0011805c 0000003c T __get_handle
00118098 000000f4 T _close_r
0011818c 00000008 t null_write
00118194 00000018 T setDefaultDevice
001181ac 000000c8 T FindDevice
00118274 00000028 T RemoveDevice
0011829c 00000098 T AddDevice
00118334 00000020 T GetDeviceOpTab
00118354 00000008 T _isatty_r
0011835c 0000008c T _lseek_r
001183e8 000000bc T _open_r
001184a4 00000088 T _read_r
0011852c 00000078 W _sbrk_r
001185a4 0000001c T __libc_lock_acquire
001185c0 0000001c T __libc_lock_release
001185dc 0000001c T __libc_lock_acquire_recursive
001185f8 0000001c T __libc_lock_release_recursive
00118614 00000088 T _write_r
0011869c 00000048 T strrchr
001186e4 T _fini
00119118 R render2d_shbin
001192a4 R render2d_shbin_end
001192a4 R render2d_shbin_size
001192a8 00000004 r depthFmtSizes
001192ac 00000005 r colorFmtSizes
001192b4 00000010 r CSWTCH.11
001192c4 00000080 r romFS_devoptab
00119344 00000008 r morton_y.2
0011934c 00000008 r morton_x.3
00119354 00000008 r s_sleepWakeEvents.4
0011935c 00000030 r error_table
0011938c 00000080 r archive_devoptab
0011940c 00000080 r npio2_hw
0011948c 00000108 r two_over_pi
00119598 00000040 r PIo2
001195d8 00000010 r init_jk
001195e8 00000101 R _ctype_
001196ec 00000080 R dotab_stdnull
0011976c R __tdata_align
00119770 r __EH_FRAME_BEGIN__
00119770 R __exidx_end
00119770 R __exidx_start
0011a000 00000002 D selectionTimePeriod
0011a004 00000008 d framerateCounter
0011a00c 00000004 d framerate
0011a010 00000004 d queueLock
0011a014 00000004 d aptChainloadDeliverArgSize
0011a018 00000004 d kCount
0011a01c 00000004 d kInterval
0011a020 00000004 d kDelay
0011a024 W __stacksize__
0011a028 00000004 D _impure_ptr
0011a030 00000120 D _impure_data
0011a150 0000000c D __sglue
0011a15c 00000004 D __malloc_sbrk_base
0011a160 00000004 D __malloc_trim_threshold
0011a168 00000408 D __malloc_av_
0011a570 00000400 d _current_working_directory
0011a970 00001000 d handles
0011b970 0000000c d __stderr_handle
0011b97c 0000000c d __stdout_handle
0011b988 0000000c d __stdin_handle
0011b994 0000008c D devoptab_list
0011ba20 00000004 d defaultDevice
0011ba2c d _GLOBAL_OFFSET_TABLE_
0011ba38 d __frame_dummy_init_array_entry
0011ba38 D __init_array_start
0011ba38 B __preinit_array_end
0011ba38 B __preinit_array_start
0011ba38 D __tdata_lma
0011ba38 D __tdata_lma_end
0011ba3c d __do_global_dtors_aux_fini_array_entry
0011ba3c D __fini_array_start
0011ba3c D __init_array_end
0011ba40 D __bss_start__
0011ba40 D __fini_array_end
0011ba40 00000004 B menuBuffer
0011ba44 00000054 B menuText
0011ba98 00000004 B gameBuffer
0011ba9c 0000001c B gameText
0011bab8 00000004 B pausetextPadding
0011babc 00000004 B pausetextHeight
0011bac0 00000004 B pausetextWidth
0011bac4 00000004 B pausetextX
0011bac8 00000004 B pausetextY
0011bacc b completed.1
0011bad0 b object.0
0011bae8 000005a8 B __C2Di_Context
0011c090 00000040 b s_projBot
0011c0d0 00000040 b s_projTop
0011c110 00000004 b uLoc_mdlvMtx
0011c114 00000004 b uLoc_projMtx
0011c118 00000004 b s_glyphSheets
0011c11c 00000004 b s_textScale
0011c120 0000000c b hookCookie
0011c130 000002d0 B __C3D_Context
0011c400 00000004 b frameEndCbData
0011c404 00000004 b frameEndCb
0011c408 00000008 b frameCounter
0011c410 00000001 b isTopStereo
0011c411 00000001 b needSwapBot
0011c412 00000001 b needSwapTop
0011c413 00000001 b measureGpuTime
0011c414 00000001 b inSafeTransfer
0011c415 00000001 b inFrame
0011c418 00000010 b cpuTime
0011c428 00000010 b gpuTime
0011c438 0000000c b linkedTarget
0011c444 00000004 b lastTarget
0011c448 00000004 b firstTarget
0011c44c 00000008 b C3Di_IVUnifEverDirty
0011c454 000000c0 b C3Di_FVUnifEverDirty
0011c514 00000018 b C3Di_ShaderFVecData
0011c52c 00000002 B C3D_BoolUnifsDirty
0011c530 00000008 B C3D_IVUnifDirty
0011c538 000000c0 B C3D_FVUnifDirty
0011c5f8 00000004 B C3D_BoolUnifs
0011c5fc 00000020 B C3D_IVUnif
0011c61c 00000c00 B C3D_FVUnif
0011d220 00000008 b sLinearPool
0011d228 0000000c b sAddrMap
0011d238 00000008 b sVramPoolB
0011d240 00000008 b sVramPoolA
0011d248 0000000c b sAddrMap
0011d254 00000004 b sharedFontAddr
0011d258 00000004 B g_sharedFont
0011d25c 00000004 b screenAlloc
0011d260 00000004 b screenFree
0011d264 00000002 b gfxIsDoubleBuf
0011d268 00000002 b gfxCurBuf
0011d26a 00000001 b gfxIsVram
0011d26b 00000001 b gfxTopMode
0011d26c 00000002 b gfxFramebufferFormats
0011d270 00000004 b gfxBottomFramebufferMaxSize
0011d274 00000004 b gfxTopFramebufferMaxSize
0011d278 00000008 b gfxBottomFramebuffers
0011d280 00000008 b gfxTopFramebuffers
0011d288 00000001 V __ctru_speedup
0011d28c 00000004 b romfs_mount_list
0011d290 00000004 V __romfs_path
0011d294 00000004 B gpuCmdBufOffset
0011d298 00000004 B gpuCmdBufSize
0011d29c 00000004 B gpuCmdBuf
0011d2a0 00000004 b boundQueue
0011d2a4 00000001 b shouldStop
0011d2a5 00000001 b isRunning
0011d2a6 00000001 b isActive
0011d2a8 00000004 b curQueue
0011d2ac 00000001 b flagValue.0
0011d2ad 00000001 b flagInit.1
0011d2b0 00000004 b serviceName.6
0011d2b4 00000001 b aptChainloadFlags
0011d2b5 00000001 b aptChainloadMediatype
0011d2b8 00000020 b aptChainloadHmac
0011d2d8 00000300 b aptChainloadDeliverArg
0011d5d8 00000008 b aptChainloadTid
0011d5e0 00001000 b aptParameters
0011e5e0 00000004 b aptFlags
0011e5e4 00000001 b aptHomeButtonState
0011e5e8 00000004 b aptMessageFuncData
0011e5ec 00000004 b aptMessageFunc
0011e5f0 0000000c b aptFirstHook
0011e5fc 00000001 b aptEventHandlerThreadQuit
0011e600 00000004 b aptEventHandlerThread
0011e604 00000008 b aptSleepEvent
0011e60c 00000008 b aptReceiveEvent
0011e614 00000008 b aptEvents
0011e61c 00000004 b aptLockHandle
0011e620 00000004 b aptRefCount
0011e628 00000080 b fsExemptArchives
0011e6a8 00000004 b fsuRefCount
0011e6ac 00000004 b fsuHandle
0011e6b0 00000007 b gspEventCbOneShot
0011e6b8 0000001c b gspEventCbData
0011e6d4 0000001c b gspEventCb
0011e6f0 00000038 b gspEvents
0011e728 00000004 b gspLastEvent
0011e72c 00000001 b gspRunEvents
0011e730 00000004 b gspEventThread
0011e734 00000004 b gspEvent
0011e738 00000001 b gspGpuRight
0011e739 00000001 b gspThreadId
0011e73c 00000004 b gspSharedMem
0011e740 00000004 b gspSharedMemHandle
0011e744 00000004 b gspRefCount
0011e748 00000004 b gspGpuHandle
0011e74c 00000001 b usingIrrst
0011e750 00000004 b hidRefCount
0011e754 00000006 b gRate
0011e75c 00000006 b aVec
0011e764 00000004 b cPos
0011e768 00000004 b tPos
0011e76c 00000004 b kRepeat
0011e770 00000004 b kUp
0011e774 00000004 b kDown
0011e778 00000004 b kHeld
0011e77c 00000004 b kOld
0011e780 00000004 B hidSharedMem
0011e784 00000014 B hidEvents
0011e798 00000004 B hidMemHandle
0011e79c 00000004 B hidHandle
0011e7a0 00000004 b irrstRefCount
0011e7a4 00000004 b csPos
0011e7a8 00000004 b kHeld
0011e7ac 00000004 B irrstSharedMem
0011e7b0 00000004 B irrstEvent
0011e7b4 00000004 B irrstMemHandle
0011e7b8 00000004 B irrstHandle
0011e7bc 00000004 b ptmSysmRefCount
0011e7c0 00000004 b ptmSysmHandle
0011e7c4 00000004 V __ctru_linear_heap_size
0011e7c8 00000004 V __ctru_heap_size
0011e7cc 00000004 B __ctru_linear_heap
0011e7d0 00000004 B __ctru_heap
0011e7d4 00000004 B __system_retAddr
0011e7d8 00000004 B __system_argv
0011e7dc 00000004 B __system_argc
0011e7e0 b saved_stack
0011e7e8 00000004 B __3dslink_host
0011e7ec 00000004 b srvRefCount
0011e7f0 00000004 b srvHandle
0011e7f4 00000004 b arbiter
0011e7f8 00000004 b currentAddr
0011e7fc 00000004 b maxAddr
0011e800 00000004 b minAddr
0011e804 00000004 b srvPmHandle
0011e808 000005c0 b archive_devices
0011edc8 00000004 b archive_device_cwd
0011edcc 00000001 b archive_initialized
0011edd0 0000000c b __sfp_recursive_mutex
0011ede0 00000168 B __sf
0011ef48 00000004 B __stdio_exit_handler
0011ef4c 00000028 B __malloc_current_mallinfo
0011ef74 00000004 B __malloc_max_total_mem
0011ef78 00000004 B __malloc_max_sbrked_mem
0011ef7c 00000004 B __malloc_top_pad
0011ef80 0000000c b __malloc_recursive_mutex
0011ef8c 00000400 b temp_cwd
0011f38c 00000004 b __hndl_lock
0011f390 00000004 B fake_heap_start
0011f394 00000004 B fake_heap_end
0011f398 00000004 b heap_start.0
0011f39c B __tls_start
0011ffa4 B __bss_end__
0011ffa4 A __end__
0011ffa4 B __tls_end
